read dataset, shape:  (10000, 142) nrows 10000 time: 0.5700325965881348
features from datetime time: 1.5900909900665283
missing values time: 0.01000070571899414
categorical encoding time: 0.21901249885559082
drop constant features time: 0.15100860595703125
scaling time: 0.1390078067779541
read dataset, shape:  (365, 41) nrows None time: 0.019001007080078125
features from datetime time: 0.026001453399658203
missing values time: 0.002000093460083008
categorical encoding time: 0.03200173377990723
drop constant features time: 0.019001007080078125
scaling time: 0.014000654220581055
fitting time: 0.0030002593994140625
Train time: 0.11700654029846191
Dataset read, shape (172, 41)
read dataset time: 0.031001806259155273
features from datetime time: 0.021001338958740234
missing values time: 0.0010001659393310547
categorical encoding time: 0.0260012149810791
scale time: 0.0020003318786621094
predict time: 0.0009999275207519531
save prediction time: 0.004000186920166016
Prediction time: 0.0870048999786377
read ..\..\check_1_r\test-target.csv shape (172, 2) time: 0.002000093460083008
read ..\..\check_1_r\predict.csv shape (172, 2) time: 0.002000093460083008
RMSE: 11.449004887103248
Total time: 0.20901179313659668
--------------------------------------------------------------------------------
read dataset, shape:  (13958, 10) nrows None time: 0.039002180099487305
features from datetime time: 0.0
missing values time: 0.023001432418823242
categorical encoding time: 0.04200243949890137
drop constant features time: 0.01500082015991211
scaling time: 0.011000633239746094
fitting time: 0.005000114440917969
Train time: 0.1370079517364502
Dataset read, shape (5976, 10)
read dataset time: 0.020000934600830078
features from datetime time: 0.0
missing values time: 0.0010001659393310547
categorical encoding time: 0.022001266479492188
scale time: 0.004000186920166016
predict time: 0.002000093460083008
save prediction time: 0.03500199317932129
Prediction time: 0.08500480651855469
read ..\..\check_2_r\test-target.csv shape (5976, 2) time: 0.005000114440917969
read ..\..\check_2_r\predict.csv shape (5976, 2) time: 0.006000518798828125
RMSE: 1.6338020824320973
Total time: 0.23401331901550293
--------------------------------------------------------------------------------
read dataset, shape:  (250000, 42) nrows None time: 1.8291046619415283
features from datetime time: 13.795789241790771
missing values time: 0.13400745391845703
categorical encoding time: 0.25501441955566406
drop constant features time: 0.39002251625061035
scaling time: 0.8160464763641357
fitting time: 0.35702037811279297
Train time: 17.6450092792511
Dataset read, shape (146400, 42)
read dataset time: 1.0950627326965332
features from datetime time: 7.68243932723999
missing values time: 0.05100297927856445
categorical encoding time: 0.04300236701965332
scale time: 0.32301855087280273
predict time: 0.0260012149810791
save prediction time: 0.7820451259613037
Prediction time: 10.003572225570679
read ..\..\check_3_r\test-target.csv shape (146400, 2) time: 0.06500363349914551
read ..\..\check_3_r\predict.csv shape (146400, 2) time: 0.08400487899780273
RMSE: 118263.65765372687
Total time: 27.829591751098633
--------------------------------------------------------------------------------
read dataset, shape:  (10000, 142) nrows 10000 time: 0.6280360221862793
features from datetime time: 1.6380934715270996
missing values time: 0.01000070571899414
categorical encoding time: 0.22101259231567383
drop constant features time: 0.15100860595703125
scaling time: 0.14200806617736816
fitting time: 3.449197292327881
Train time: 6.250357627868652
Dataset read, shape (10000, 142)
read dataset time: 0.5560317039489746
features from datetime time: 1.549088716506958
missing values time: 0.00500035285949707
categorical encoding time: 0.15700888633728027
scale time: 0.08400464057922363
predict time: 0.007000446319580078
save prediction time: 0.04500269889831543
Prediction time: 2.405137538909912
read ..\..\check_4_c\test-target.csv shape (10000, 2) time: 0.009000539779663086
read ..\..\check_4_c\predict.csv shape (10000, 2) time: 0.00500035285949707
ROC-AUC: 0.7798263165600303
Total time: 8.681496620178223
--------------------------------------------------------------------------------
read dataset, shape:  (10000, 16) nrows 10000 time: 0.05500316619873047
features from datetime time: 0.5180294513702393
missing values time: 0.003000497817993164
categorical encoding time: 0.06400346755981445
drop constant features time: 0.03800225257873535
scaling time: 0.04600238800048828
fitting time: 0.7150411605834961
Train time: 1.443082571029663
Dataset read, shape (10000, 16)
read dataset time: 0.0500028133392334
features from datetime time: 0.5220296382904053
missing values time: 0.0010001659393310547
categorical encoding time: 0.054003238677978516
scale time: 0.02500128746032715
predict time: 0.002000093460083008
save prediction time: 0.113006591796875
Prediction time: 0.7670438289642334
read ..\..\check_5_c\test-target.csv shape (10000, 2) time: 0.00800013542175293
read ..\..\check_5_c\predict.csv shape (10000, 2) time: 0.004000186920166016
ROC-AUC: 0.6942138573620513
Total time: 2.2271273136138916
--------------------------------------------------------------------------------
read dataset, shape:  (10000, 113) nrows 10000 time: 0.32701873779296875
features from datetime time: 0.0
missing values time: 0.006000518798828125
categorical encoding time: 0.1740097999572754
drop constant features time: 0.12100672721862793
scaling time: 0.12500715255737305
fitting time: 5.833333492279053
Train time: 6.595377206802368
Dataset read, shape (10000, 113)
read dataset time: 0.34701967239379883
features from datetime time: 0.0
missing values time: 0.0030002593994140625
categorical encoding time: 0.13500761985778809
scale time: 0.07700467109680176
predict time: 0.008000373840332031
save prediction time: 0.06400370597839355
Prediction time: 0.6340363025665283
read ..\..\check_6_c\test-target.csv shape (10000, 2) time: 0.01000070571899414
read ..\..\check_6_c\predict.csv shape (10000, 2) time: 0.00500035285949707
ROC-AUC: 0.6025173395674548
Total time: 7.254414796829224
--------------------------------------------------------------------------------
read dataset, shape:  (1000, 773) nrows 1000 time: 0.19401121139526367
features from datetime time: 0.11500668525695801
missing values time: 0.008000373840332031
categorical encoding time: 1.3810789585113525
drop constant features time: 0.47502708435058594
scaling time: 0.09600543975830078
fitting time: 2.0921196937561035
Train time: 4.373250246047974
Dataset read, shape (1000, 773)
read dataset time: 0.15700888633728027
features from datetime time: 0.11200642585754395
missing values time: 0.00500035285949707
categorical encoding time: 1.2820732593536377
scale time: 0.05300307273864746
predict time: 0.00500035285949707
save prediction time: 0.01500082015991211
Prediction time: 1.6320934295654297
read ..\..\check_7_c\test-target.csv shape (1000, 2) time: 0.0070002079010009766
read ..\..\check_7_c\predict.csv shape (1000, 2) time: 0.002000093460083008
ROC-AUC: 0.4964824120603015
Total time: 6.019344329833984
--------------------------------------------------------------------------------
read dataset, shape:  (1000, 877) nrows 1000 time: 0.2520146369934082
features from datetime time: 3.4061946868896484
missing values time: 34.003945112228394
categorical encoding time: 7.583433628082275
drop constant features time: 1.445082664489746
scaling time: 0.3170182704925537
fitting time: 7.752443313598633
Train time: 54.798134326934814
Dataset read, shape (1000, 877)
read dataset time: 0.23601365089416504
features from datetime time: 3.35919189453125
missing values time: 31.29079008102417
categorical encoding time: 6.784387826919556
scale time: 0.15800905227661133
predict time: 0.014000892639160156
save prediction time: 0.019001007080078125
Prediction time: 41.864394426345825
read ..\..\check_8_c\test-target.csv shape (1000, 2) time: 0.010000467300415039
read ..\..\check_8_c\predict.csv shape (1000, 2) time: 0.0020003318786621094
ROC-AUC: 0.5969230769230769
Total time: 96.69353079795837
--------------------------------------------------------------------------------
