read dataset, shape:  (365, 41) nrows None time: 0.019001007080078125
features from datetime time: 0.029001712799072266
missing values time: 0.0019998550415039062
categorical encoding time: 0.034001827239990234
drop constant features time: 0.019001007080078125
scaling time: 0.00500035285949707
fitting time: 0.10400605201721191
Train time: 0.22101283073425293
Dataset read, shape (172, 41)
read dataset time: 0.0060002803802490234
features from datetime time: 0.01500082015991211
missing values time: 0.0010001659393310547
categorical encoding time: 0.02500152587890625
scale time: 0.0019998550415039062
predict time: 0.0010001659393310547
save prediction time: 0.004000425338745117
Prediction time: 0.05800318717956543
read ..\..\check_1_r\test-target.csv shape (172, 2) time: 0.002000093460083008
read ..\..\check_1_r\predict.csv shape (172, 2) time: 0.002000093460083008
RMSE: 21.562787373872474
Total time: 0.2850162982940674
--------------------------------------------------------------------------------
read dataset, shape:  (13958, 10) nrows None time: 0.039002418518066406
features from datetime time: 0.0
missing values time: 0.005000114440917969
categorical encoding time: 0.041002511978149414
drop constant features time: 0.01500082015991211
scaling time: 0.012000799179077148
fitting time: 1.0490601062774658
Train time: 1.1670668125152588
Dataset read, shape (5976, 10)
read dataset time: 0.016000986099243164
features from datetime time: 0.0
missing values time: 0.0010001659393310547
categorical encoding time: 0.019001007080078125
scale time: 0.003000020980834961
predict time: 0.011000633239746094
save prediction time: 0.03300189971923828
Prediction time: 0.0890052318572998
read ..\..\check_2_r\test-target.csv shape (5976, 2) time: 0.00500035285949707
read ..\..\check_2_r\predict.csv shape (5976, 2) time: 0.0060002803802490234
RMSE: 1.3849011884773066
Total time: 1.2690725326538086
--------------------------------------------------------------------------------
read dataset, shape:  (250000, 42) nrows None time: 1.8761074542999268
features from datetime time: 13.35076355934143
missing values time: 0.12400698661804199
categorical encoding time: 0.23001337051391602
drop constant features time: 0.37002110481262207
scaling time: 0.9030516147613525
fitting time: 67.84188032150269
Train time: 84.76584839820862
Dataset read, shape (146400, 42)
read dataset time: 1.1040632724761963
features from datetime time: 9.275530338287354
missing values time: 0.052002906799316406
categorical encoding time: 0.03300189971923828
scale time: 0.31601834297180176
predict time: 0.5630319118499756
save prediction time: 0.8130466938018799
Prediction time: 12.160695552825928
read ..\..\check_3_r\test-target.csv shape (146400, 2) time: 0.06500387191772461
read ..\..\check_3_r\predict.csv shape (146400, 2) time: 0.0870048999786377
RMSE: 112251.23494418846
Total time: 97.11455464363098
--------------------------------------------------------------------------------
read dataset, shape:  (10000, 142) nrows 10000 time: 0.6370365619659424
features from datetime time: 1.6310932636260986
missing values time: 0.01000070571899414
categorical encoding time: 0.22001242637634277
drop constant features time: 0.15100884437561035
scaling time: 0.1390080451965332
fitting time: 14.433825492858887
Train time: 17.237986087799072
Dataset read, shape (10000, 142)
read dataset time: 0.5540316104888916
features from datetime time: 1.7120978832244873
missing values time: 0.0060002803802490234
categorical encoding time: 0.17000985145568848
scale time: 0.09600543975830078
predict time: 0.06500363349914551
save prediction time: 0.04600262641906738
Prediction time: 2.6541519165039062
read ..\..\check_4_c\test-target.csv shape (10000, 2) time: 0.009000539779663086
read ..\..\check_4_c\predict.csv shape (10000, 2) time: 0.00500035285949707
ROC-AUC: 0.9114084745806247
Total time: 19.915139198303223
--------------------------------------------------------------------------------
read dataset, shape:  (10000, 16) nrows 10000 time: 0.05300307273864746
features from datetime time: 0.5380306243896484
missing values time: 0.0020003318786621094
categorical encoding time: 0.0630035400390625
drop constant features time: 0.03800225257873535
scaling time: 0.041002511978149414
fitting time: 3.2061831951141357
Train time: 3.9732272624969482
Dataset read, shape (10000, 16)
read dataset time: 0.049002885818481445
features from datetime time: 0.5370304584503174
missing values time: 0.0020003318786621094
categorical encoding time: 0.054003000259399414
scale time: 0.026001453399658203
predict time: 0.029001474380493164
save prediction time: 0.04300260543823242
Prediction time: 0.7440423965454102
read ..\..\check_5_c\test-target.csv shape (10000, 2) time: 0.008000612258911133
read ..\..\check_5_c\predict.csv shape (10000, 2) time: 0.004000186920166016
ROC-AUC: 0.694993537356109
Total time: 4.7342705726623535
--------------------------------------------------------------------------------
read dataset, shape:  (10000, 113) nrows 10000 time: 0.3330192565917969
features from datetime time: 0.0
missing values time: 0.007000446319580078
categorical encoding time: 0.18301033973693848
drop constant features time: 0.13300776481628418
scaling time: 0.13400769233703613
fitting time: 11.139637231826782
Train time: 11.944683313369751
Dataset read, shape (10000, 113)
read dataset time: 0.3090176582336426
features from datetime time: 0.0
missing values time: 0.004000186920166016
categorical encoding time: 0.12700724601745605
scale time: 0.0760042667388916
predict time: 0.04600262641906738
save prediction time: 0.04800295829772949
Prediction time: 0.6150352954864502
read ..\..\check_6_c\test-target.csv shape (10000, 2) time: 0.01000070571899414
read ..\..\check_6_c\predict.csv shape (10000, 2) time: 0.005000114440917969
ROC-AUC: 0.6040186273351698
Total time: 12.583719968795776
--------------------------------------------------------------------------------
read dataset, shape:  (1000, 773) nrows 1000 time: 0.18101024627685547
features from datetime time: 0.11100649833679199
missing values time: 0.007000446319580078
categorical encoding time: 1.431081771850586
drop constant features time: 0.5300304889678955
scaling time: 0.08800506591796875
fitting time: 3.46319842338562
Train time: 5.827333450317383
Dataset read, shape (1000, 773)
read dataset time: 0.15300869941711426
features from datetime time: 0.11200642585754395
missing values time: 0.00500035285949707
categorical encoding time: 1.2680726051330566
scale time: 0.052002906799316406
predict time: 0.02800154685974121
save prediction time: 0.013000726699829102
Prediction time: 1.6350934505462646
read ..\..\check_7_c\test-target.csv shape (1000, 2) time: 0.007000446319580078
read ..\..\check_7_c\predict.csv shape (1000, 2) time: 0.002000093460083008
ROC-AUC: 0.49597989949748744
Total time: 7.4784276485443115
--------------------------------------------------------------------------------
read dataset, shape:  (1000, 877) nrows 1000 time: 0.24701428413391113
features from datetime time: 3.370192766189575
missing values time: 32.65386748313904
categorical encoding time: 7.182411193847656
drop constant features time: 1.441082239151001
scaling time: 0.2780160903930664
fitting time: 11.329647779464722
Train time: 56.54423427581787
Dataset read, shape (1000, 877)
read dataset time: 0.21901249885559082
features from datetime time: 3.4171953201293945
missing values time: 31.530803442001343
categorical encoding time: 7.005400896072388
scale time: 0.17200970649719238
predict time: 0.08600497245788574
save prediction time: 0.019001245498657227
Prediction time: 42.45642828941345
read ..\..\check_8_c\test-target.csv shape (1000, 2) time: 0.007000446319580078
read ..\..\check_8_c\predict.csv shape (1000, 2) time: 0.0030002593994140625
ROC-AUC: 0.7184615384615385
Total time: 99.03066420555115
--------------------------------------------------------------------------------
